<?xml version="1.0" ?>
<!DOCTYPE coverage SYSTEM "http://cobertura.sourceforge.net/xml/coverage-04.dtd">
<coverage lines-valid="275" lines-covered="227" line-rate="0.8254" branches-valid="78" branches-covered="58" branch-rate="0.7434999999999999" timestamp="1677071624446" complexity="0" version="0.1">
  <sources>
    <source>/app/backend</source>
  </sources>
  <packages>
    <package name="backend" line-rate="0.909" branch-rate="0.5">
      <classes>
        <class name="app.js" filename="app.js" line-rate="0.909" branch-rate="0.5">
          <methods>
            <method name="(anonymous_0)" hits="3" signature="()V">
              <lines>
                <line number="18" hits="3"/>
              </lines>
            </method>
            <method name="(anonymous_1)" hits="0" signature="()V">
              <lines>
                <line number="21" hits="0"/>
              </lines>
            </method>
            <method name="(anonymous_2)" hits="0" signature="()V">
              <lines>
                <line number="56" hits="0"/>
              </lines>
            </method>
            <method name="(anonymous_3)" hits="0" signature="()V">
              <lines>
                <line number="60" hits="0"/>
              </lines>
            </method>
          </methods>
          <lines>
            <line number="1" hits="3" branch="false"/>
            <line number="2" hits="3" branch="false"/>
            <line number="3" hits="3" branch="false"/>
            <line number="4" hits="3" branch="false"/>
            <line number="5" hits="3" branch="false"/>
            <line number="6" hits="3" branch="false"/>
            <line number="7" hits="3" branch="false"/>
            <line number="8" hits="3" branch="false"/>
            <line number="9" hits="3" branch="false"/>
            <line number="10" hits="3" branch="false"/>
            <line number="11" hits="3" branch="false"/>
            <line number="12" hits="3" branch="false"/>
            <line number="13" hits="3" branch="false"/>
            <line number="17" hits="3" branch="false"/>
            <line number="19" hits="3" branch="false"/>
            <line number="22" hits="0" branch="false"/>
            <line number="27" hits="3" branch="false"/>
            <line number="29" hits="3" branch="false"/>
            <line number="31" hits="3" branch="false"/>
            <line number="48" hits="3" branch="false"/>
            <line number="50" hits="3" branch="false"/>
            <line number="52" hits="3" branch="false"/>
            <line number="53" hits="3" branch="false"/>
            <line number="54" hits="3" branch="false"/>
            <line number="56" hits="3" branch="false"/>
            <line number="57" hits="0" branch="false"/>
            <line number="60" hits="3" branch="false"/>
            <line number="61" hits="0" branch="false"/>
            <line number="65" hits="3" branch="false"/>
            <line number="67" hits="3" branch="true" condition-coverage="50% (1/2)"/>
            <line number="68" hits="3" branch="false"/>
            <line number="69" hits="3" branch="false"/>
            <line number="72" hits="3" branch="false"/>
          </lines>
        </class>
      </classes>
    </package>
    <package name="backend.controllers" line-rate="0.8079000000000001" branch-rate="0.7741">
      <classes>
        <class name="items.js" filename="controllers/items.js" line-rate="0.7804000000000001" branch-rate="0.7">
          <methods>
            <method name="(anonymous_0)" hits="14" signature="()V">
              <lines>
                <line number="11" hits="14"/>
              </lines>
            </method>
            <method name="(anonymous_1)" hits="1" signature="()V">
              <lines>
                <line number="20" hits="1"/>
              </lines>
            </method>
            <method name="(anonymous_2)" hits="3" signature="()V">
              <lines>
                <line number="29" hits="3"/>
              </lines>
            </method>
            <method name="(anonymous_3)" hits="0" signature="()V">
              <lines>
                <line number="80" hits="0"/>
              </lines>
            </method>
            <method name="(anonymous_4)" hits="0" signature="()V">
              <lines>
                <line number="110" hits="0"/>
              </lines>
            </method>
            <method name="(anonymous_5)" hits="5" signature="()V">
              <lines>
                <line number="125" hits="5"/>
              </lines>
            </method>
            <method name="(anonymous_6)" hits="2" signature="()V">
              <lines>
                <line number="140" hits="2"/>
              </lines>
            </method>
            <method name="(anonymous_7)" hits="1" signature="()V">
              <lines>
                <line number="197" hits="1"/>
              </lines>
            </method>
            <method name="(anonymous_8)" hits="2" signature="()V">
              <lines>
                <line number="215" hits="2"/>
              </lines>
            </method>
          </methods>
          <lines>
            <line number="1" hits="3" branch="false"/>
            <line number="2" hits="3" branch="false"/>
            <line number="3" hits="3" branch="false"/>
            <line number="4" hits="3" branch="false"/>
            <line number="5" hits="3" branch="false"/>
            <line number="6" hits="3" branch="false"/>
            <line number="7" hits="3" branch="false"/>
            <line number="8" hits="3" branch="false"/>
            <line number="11" hits="3" branch="false"/>
            <line number="12" hits="14" branch="false"/>
            <line number="16" hits="14" branch="false"/>
            <line number="20" hits="3" branch="false"/>
            <line number="21" hits="1" branch="false"/>
            <line number="25" hits="1" branch="false"/>
            <line number="29" hits="3" branch="false"/>
            <line number="30" hits="3" branch="true" condition-coverage="100% (2/2)"/>
            <line number="31" hits="1" branch="false"/>
            <line number="32" hits="1" branch="false"/>
            <line number="36" hits="2" branch="false"/>
            <line number="39" hits="2" branch="true" condition-coverage="100% (2/2)"/>
            <line number="40" hits="1" branch="false"/>
            <line number="42" hits="1" branch="false"/>
            <line number="44" hits="1" branch="false"/>
            <line number="45" hits="1" branch="false"/>
            <line number="48" hits="1" branch="false"/>
            <line number="66" hits="1" branch="false"/>
            <line number="68" hits="1" branch="false"/>
            <line number="70" hits="1" branch="false"/>
            <line number="72" hits="1" branch="false"/>
            <line number="76" hits="1" branch="false"/>
            <line number="80" hits="3" branch="false"/>
            <line number="81" hits="0" branch="false"/>
            <line number="83" hits="0" branch="true" condition-coverage="0% (0/2)"/>
            <line number="84" hits="0" branch="false"/>
            <line number="85" hits="0" branch="false"/>
            <line number="89" hits="0" branch="false"/>
            <line number="97" hits="0" branch="false"/>
            <line number="99" hits="0" branch="false"/>
            <line number="101" hits="0" branch="false"/>
            <line number="103" hits="0" branch="false"/>
            <line number="106" hits="0" branch="false"/>
            <line number="110" hits="3" branch="false"/>
            <line number="111" hits="0" branch="false"/>
            <line number="114" hits="0" branch="true" condition-coverage="0% (0/2)"/>
            <line number="115" hits="0" branch="false"/>
            <line number="117" hits="0" branch="false"/>
            <line number="121" hits="0" branch="false"/>
            <line number="125" hits="3" branch="false"/>
            <line number="126" hits="5" branch="false"/>
            <line number="130" hits="5" branch="true" condition-coverage="100% (2/2)"/>
            <line number="131" hits="1" branch="false"/>
            <line number="132" hits="1" branch="false"/>
            <line number="136" hits="4" branch="false"/>
            <line number="140" hits="3" branch="false"/>
            <line number="142" hits="2" branch="true" condition-coverage="50% (1/2)"/>
            <line number="143" hits="0" branch="false"/>
            <line number="144" hits="0" branch="false"/>
            <line number="148" hits="2" branch="false"/>
            <line number="150" hits="2" branch="false"/>
            <line number="152" hits="2" branch="true" condition-coverage="50% (1/2)"/>
            <line number="153" hits="0" branch="false"/>
            <line number="156" hits="2" branch="false"/>
            <line number="172" hits="2" branch="true" condition-coverage="100% (4/4)"/>
            <line number="173" hits="1" branch="false"/>
            <line number="174" hits="1" branch="false"/>
            <line number="178" hits="1" branch="false"/>
            <line number="180" hits="1" branch="false"/>
            <line number="184" hits="1" branch="false"/>
            <line number="192" hits="1" branch="false"/>
            <line number="193" hits="1" branch="false"/>
            <line number="197" hits="3" branch="false"/>
            <line number="199" hits="1" branch="false"/>
            <line number="202" hits="1" branch="false"/>
            <line number="205" hits="1" branch="false"/>
            <line number="212" hits="1" branch="false"/>
            <line number="215" hits="3" branch="false"/>
            <line number="216" hits="2" branch="false"/>
            <line number="218" hits="2" branch="true" condition-coverage="100% (2/2)"/>
            <line number="219" hits="1" branch="false"/>
            <line number="222" hits="1" branch="false"/>
            <line number="224" hits="1" branch="false"/>
            <line number="227" hits="3" branch="false"/>
          </lines>
        </class>
        <class name="login.js" filename="controllers/login.js" line-rate="1" branch-rate="0.9">
          <methods>
            <method name="(anonymous_0)" hits="25" signature="()V">
              <lines>
                <line number="8" hits="25"/>
              </lines>
            </method>
          </methods>
          <lines>
            <line number="1" hits="3" branch="false"/>
            <line number="2" hits="3" branch="false"/>
            <line number="3" hits="3" branch="false"/>
            <line number="4" hits="3" branch="false"/>
            <line number="5" hits="3" branch="false"/>
            <line number="8" hits="3" branch="false"/>
            <line number="9" hits="25" branch="false"/>
            <line number="12" hits="25" branch="false"/>
            <line number="13" hits="25" branch="true" condition-coverage="100% (2/2)"/>
            <line number="15" hits="24" branch="true" condition-coverage="100% (2/2)"/>
            <line number="18" hits="23" branch="true" condition-coverage="50% (1/2)"/>
            <line number="20" hits="23" branch="true" condition-coverage="100% (2/2)"/>
            <line number="21" hits="4" branch="true" condition-coverage="100% (2/2)"/>
            <line number="23" hits="4" branch="true" condition-coverage="100% (2/2)"/>
            <line number="24" hits="1" branch="false"/>
            <line number="25" hits="1" branch="false"/>
            <line number="26" hits="1" branch="false"/>
            <line number="27" hits="1" branch="false"/>
            <line number="29" hits="3" branch="false"/>
            <line number="33" hits="22" branch="true" condition-coverage="100% (4/4)"/>
            <line number="34" hits="3" branch="false"/>
            <line number="35" hits="3" branch="false"/>
            <line number="42" hits="19" branch="true" condition-coverage="100% (2/2)"/>
            <line number="43" hits="1" branch="false"/>
            <line number="44" hits="1" branch="false"/>
            <line number="50" hits="18" branch="false"/>
            <line number="57" hits="18" branch="true" condition-coverage="50% (1/2)"/>
            <line number="59" hits="18" branch="false"/>
            <line number="60" hits="18" branch="false"/>
            <line number="61" hits="18" branch="false"/>
            <line number="65" hits="18" branch="false"/>
            <line number="68" hits="3" branch="false"/>
          </lines>
        </class>
        <class name="testing.js" filename="controllers/testing.js" line-rate="0.625" branch-rate="1">
          <methods>
            <method name="(anonymous_0)" hits="0" signature="()V">
              <lines>
                <line number="5" hits="0"/>
              </lines>
            </method>
          </methods>
          <lines>
            <line number="1" hits="3" branch="false"/>
            <line number="2" hits="3" branch="false"/>
            <line number="3" hits="3" branch="false"/>
            <line number="5" hits="3" branch="false"/>
            <line number="6" hits="0" branch="false"/>
            <line number="7" hits="0" branch="false"/>
            <line number="9" hits="0" branch="false"/>
            <line number="12" hits="3" branch="false"/>
          </lines>
        </class>
        <class name="users.js" filename="controllers/users.js" line-rate="0.7636" branch-rate="0.7272">
          <methods>
            <method name="(anonymous_0)" hits="2" signature="()V">
              <lines>
                <line number="8" hits="2"/>
              </lines>
            </method>
            <method name="(anonymous_1)" hits="4" signature="()V">
              <lines>
                <line number="28" hits="4"/>
              </lines>
            </method>
            <method name="(anonymous_2)" hits="4" signature="()V">
              <lines>
                <line number="76" hits="4"/>
              </lines>
            </method>
            <method name="(anonymous_3)" hits="0" signature="()V">
              <lines>
                <line number="102" hits="0"/>
              </lines>
            </method>
            <method name="(anonymous_4)" hits="0" signature="()V">
              <lines>
                <line number="122" hits="0"/>
              </lines>
            </method>
          </methods>
          <lines>
            <line number="1" hits="3" branch="false"/>
            <line number="2" hits="3" branch="false"/>
            <line number="3" hits="3" branch="false"/>
            <line number="4" hits="3" branch="false"/>
            <line number="5" hits="3" branch="false"/>
            <line number="8" hits="3" branch="false"/>
            <line number="9" hits="2" branch="true" condition-coverage="100% (2/2)"/>
            <line number="10" hits="1" branch="false"/>
            <line number="11" hits="1" branch="false"/>
            <line number="13" hits="1" branch="false"/>
            <line number="20" hits="1" branch="false"/>
            <line number="24" hits="1" branch="false"/>
            <line number="28" hits="3" branch="false"/>
            <line number="29" hits="4" branch="false"/>
            <line number="32" hits="4" branch="false"/>
            <line number="34" hits="4" branch="true" condition-coverage="100% (2/2)"/>
            <line number="35" hits="1" branch="false"/>
            <line number="36" hits="1" branch="false"/>
            <line number="41" hits="3" branch="true" condition-coverage="100% (2/2)"/>
            <line number="42" hits="1" branch="false"/>
            <line number="47" hits="2" branch="true" condition-coverage="100% (2/2)"/>
            <line number="48" hits="1" branch="false"/>
            <line number="53" hits="1" branch="false"/>
            <line number="55" hits="1" branch="false"/>
            <line number="58" hits="1" branch="false"/>
            <line number="67" hits="1" branch="false"/>
            <line number="70" hits="1" branch="false"/>
            <line number="72" hits="1" branch="false"/>
            <line number="76" hits="3" branch="false"/>
            <line number="78" hits="4" branch="true" condition-coverage="100% (2/2)"/>
            <line number="79" hits="1" branch="false"/>
            <line number="80" hits="1" branch="false"/>
            <line number="82" hits="3" branch="false"/>
            <line number="84" hits="3" branch="false"/>
            <line number="88" hits="3" branch="true" condition-coverage="100% (2/2)"/>
            <line number="89" hits="1" branch="false"/>
            <line number="90" hits="1" branch="false"/>
            <line number="93" hits="2" branch="true" condition-coverage="100% (4/4)"/>
            <line number="94" hits="1" branch="false"/>
            <line number="98" hits="1" branch="false"/>
            <line number="102" hits="3" branch="false"/>
            <line number="103" hits="0" branch="true" condition-coverage="0% (0/2)"/>
            <line number="104" hits="0" branch="false"/>
            <line number="105" hits="0" branch="false"/>
            <line number="108" hits="0" branch="false"/>
            <line number="111" hits="0" branch="false"/>
            <line number="114" hits="0" branch="true" condition-coverage="0% (0/2)"/>
            <line number="116" hits="0" branch="false"/>
            <line number="120" hits="0" branch="true" condition-coverage="0% (0/2)"/>
            <line number="122" hits="0" branch="false"/>
            <line number="124" hits="0" branch="false"/>
            <line number="129" hits="0" branch="false"/>
            <line number="131" hits="0" branch="false"/>
            <line number="132" hits="0" branch="false"/>
            <line number="135" hits="3" branch="false"/>
          </lines>
        </class>
      </classes>
    </package>
    <package name="backend.models" line-rate="0.8518000000000001" branch-rate="1">
      <classes>
        <class name="item.js" filename="models/item.js" line-rate="1" branch-rate="1">
          <methods>
            <method name="(anonymous_0)" hits="53" signature="()V">
              <lines>
                <line number="36" hits="53"/>
              </lines>
            </method>
          </methods>
          <lines>
            <line number="1" hits="3" branch="false"/>
            <line number="4" hits="3" branch="false"/>
            <line number="35" hits="3" branch="false"/>
            <line number="37" hits="53" branch="false"/>
            <line number="38" hits="53" branch="false"/>
            <line number="39" hits="53" branch="false"/>
            <line number="41" hits="53" branch="false"/>
            <line number="46" hits="3" branch="false"/>
            <line number="48" hits="3" branch="false"/>
          </lines>
        </class>
        <class name="upload.js" filename="models/upload.js" line-rate="0.5555" branch-rate="1">
          <methods>
            <method name="(anonymous_0)" hits="0" signature="()V">
              <lines>
                <line number="17" hits="0"/>
              </lines>
            </method>
          </methods>
          <lines>
            <line number="1" hits="3" branch="false"/>
            <line number="4" hits="3" branch="false"/>
            <line number="16" hits="3" branch="false"/>
            <line number="18" hits="0" branch="false"/>
            <line number="19" hits="0" branch="false"/>
            <line number="20" hits="0" branch="false"/>
            <line number="22" hits="0" branch="false"/>
            <line number="27" hits="3" branch="false"/>
            <line number="29" hits="3" branch="false"/>
          </lines>
        </class>
        <class name="user.js" filename="models/user.js" line-rate="1" branch-rate="1">
          <methods>
            <method name="(anonymous_0)" hits="9" signature="()V">
              <lines>
                <line number="22" hits="9"/>
              </lines>
            </method>
          </methods>
          <lines>
            <line number="1" hits="3" branch="false"/>
            <line number="4" hits="3" branch="false"/>
            <line number="21" hits="3" branch="false"/>
            <line number="23" hits="9" branch="false"/>
            <line number="24" hits="9" branch="false"/>
            <line number="25" hits="9" branch="false"/>
            <line number="27" hits="9" branch="false"/>
            <line number="32" hits="3" branch="false"/>
            <line number="34" hits="3" branch="false"/>
          </lines>
        </class>
      </classes>
    </package>
    <package name="backend.tests" line-rate="0.6" branch-rate="1">
      <classes>
        <class name="test_helper.js" filename="tests/test_helper.js" line-rate="0.6" branch-rate="1">
          <methods>
            <method name="(anonymous_0)" hits="0" signature="()V">
              <lines>
                <line number="89" hits="0"/>
              </lines>
            </method>
            <method name="(anonymous_1)" hits="0" signature="()V">
              <lines>
                <line number="91" hits="0"/>
              </lines>
            </method>
            <method name="(anonymous_2)" hits="0" signature="()V">
              <lines>
                <line number="94" hits="0"/>
              </lines>
            </method>
            <method name="(anonymous_3)" hits="0" signature="()V">
              <lines>
                <line number="96" hits="0"/>
              </lines>
            </method>
          </methods>
          <lines>
            <line number="1" hits="3" branch="false"/>
            <line number="3" hits="3" branch="false"/>
            <line number="72" hits="3" branch="false"/>
            <line number="89" hits="3" branch="false"/>
            <line number="90" hits="0" branch="false"/>
            <line number="91" hits="0" branch="false"/>
            <line number="94" hits="3" branch="false"/>
            <line number="95" hits="0" branch="false"/>
            <line number="96" hits="0" branch="false"/>
            <line number="101" hits="3" branch="false"/>
          </lines>
        </class>
      </classes>
    </package>
    <package name="backend.utils" line-rate="0.8928" branch-rate="0.6428">
      <classes>
        <class name="config.js" filename="utils/config.js" line-rate="1" branch-rate="0.5">
          <methods>
          </methods>
          <lines>
            <line number="1" hits="3" branch="false"/>
            <line number="3" hits="3" branch="false"/>
            <line number="4" hits="3" branch="true" condition-coverage="50% (1/2)"/>
            <line number="9" hits="3" branch="false"/>
          </lines>
        </class>
        <class name="logger.js" filename="utils/logger.js" line-rate="0.7692" branch-rate="0.5">
          <methods>
          </methods>
          <lines>
            <line number="1" hits="3" branch="false"/>
            <line number="2" hits="3" branch="false"/>
            <line number="3" hits="3" branch="false"/>
            <line number="4" hits="3" branch="false"/>
            <line number="6" hits="3" branch="false"/>
            <line number="15" hits="3" branch="false"/>
            <line number="29" hits="3" branch="true" condition-coverage="50% (1/2)"/>
            <line number="30" hits="0" branch="false"/>
            <line number="31" hits="0" branch="false"/>
            <line number="32" hits="0" branch="false"/>
            <line number="37" hits="3" branch="true" condition-coverage="50% (1/2)"/>
            <line number="38" hits="3" branch="false"/>
            <line number="43" hits="3" branch="false"/>
          </lines>
        </class>
        <class name="middleware.js" filename="utils/middleware.js" line-rate="1" branch-rate="0.75">
          <methods>
            <method name="(anonymous_0)" hits="38" signature="()V">
              <lines>
                <line number="5" hits="38"/>
              </lines>
            </method>
          </methods>
          <lines>
            <line number="1" hits="3" branch="false"/>
            <line number="2" hits="3" branch="false"/>
            <line number="3" hits="3" branch="false"/>
            <line number="5" hits="3" branch="false"/>
            <line number="6" hits="38" branch="false"/>
            <line number="8" hits="38" branch="true" condition-coverage="100% (4/4)"/>
            <line number="9" hits="9" branch="true" condition-coverage="50% (1/2)"/>
            <line number="10" hits="9" branch="true" condition-coverage="50% (1/2)"/>
            <line number="11" hits="9" branch="false"/>
            <line number="15" hits="38" branch="false"/>
            <line number="18" hits="3" branch="false"/>
          </lines>
        </class>
      </classes>
    </package>
  </packages>
</coverage>
