{"/app/backend/app.js": {"path":"/app/backend/app.js","statementMap":{"0":{"start":{"line":1,"column":13},"end":{"line":1,"column":28}},"1":{"start":{"line":2,"column":15},"end":{"line":2,"column":40}},"2":{"start":{"line":3,"column":16},"end":{"line":3,"column":34}},"3":{"start":{"line":4,"column":15},"end":{"line":4,"column":38}},"4":{"start":{"line":5,"column":16},"end":{"line":5,"column":42}},"5":{"start":{"line":6,"column":12},"end":{"line":6,"column":21}},"6":{"start":{"line":7,"column":0},"end":{"line":7,"column":26}},"7":{"start":{"line":8,"column":17},"end":{"line":8,"column":36}},"8":{"start":{"line":9,"column":15},"end":{"line":9,"column":40}},"9":{"start":{"line":10,"column":26},"end":{"line":10,"column":55}},"10":{"start":{"line":11,"column":20},"end":{"line":11,"column":50}},"11":{"start":{"line":12,"column":20},"end":{"line":12,"column":50}},"12":{"start":{"line":13,"column":20},"end":{"line":13,"column":50}},"13":{"start":{"line":17,"column":0},"end":{"line":23,"column":2}},"14":{"start":{"line":19,"column":4},"end":{"line":19,"column":39}},"15":{"start":{"line":22,"column":4},"end":{"line":22,"column":63}},"16":{"start":{"line":27,"column":0},"end":{"line":27,"column":32}},"17":{"start":{"line":29,"column":0},"end":{"line":29,"column":23}},"18":{"start":{"line":31,"column":0},"end":{"line":44,"column":3}},"19":{"start":{"line":48,"column":0},"end":{"line":48,"column":42}},"20":{"start":{"line":50,"column":0},"end":{"line":50,"column":42}},"21":{"start":{"line":52,"column":0},"end":{"line":52,"column":49}},"22":{"start":{"line":53,"column":0},"end":{"line":53,"column":49}},"23":{"start":{"line":54,"column":0},"end":{"line":54,"column":34}},"24":{"start":{"line":56,"column":0},"end":{"line":58,"column":3}},"25":{"start":{"line":57,"column":2},"end":{"line":57,"column":63}},"26":{"start":{"line":60,"column":0},"end":{"line":62,"column":2}},"27":{"start":{"line":61,"column":4},"end":{"line":61,"column":96}},"28":{"start":{"line":65,"column":0},"end":{"line":65,"column":40}},"29":{"start":{"line":67,"column":0},"end":{"line":70,"column":1}},"30":{"start":{"line":68,"column":24},"end":{"line":68,"column":56}},"31":{"start":{"line":69,"column":2},"end":{"line":69,"column":40}},"32":{"start":{"line":72,"column":0},"end":{"line":72,"column":20}}},"fnMap":{"0":{"name":"(anonymous_0)","decl":{"start":{"line":18,"column":8},"end":{"line":18,"column":9}},"loc":{"start":{"line":18,"column":14},"end":{"line":20,"column":3}},"line":18},"1":{"name":"(anonymous_1)","decl":{"start":{"line":21,"column":9},"end":{"line":21,"column":10}},"loc":{"start":{"line":21,"column":20},"end":{"line":23,"column":1}},"line":21},"2":{"name":"(anonymous_2)","decl":{"start":{"line":56,"column":13},"end":{"line":56,"column":14}},"loc":{"start":{"line":56,"column":27},"end":{"line":58,"column":1}},"line":56},"3":{"name":"(anonymous_3)","decl":{"start":{"line":60,"column":24},"end":{"line":60,"column":25}},"loc":{"start":{"line":60,"column":38},"end":{"line":62,"column":1}},"line":60}},"branchMap":{"0":{"loc":{"start":{"line":67,"column":0},"end":{"line":70,"column":1}},"type":"if","locations":[{"start":{"line":67,"column":0},"end":{"line":70,"column":1}},{"start":{},"end":{}}],"line":67}},"s":{"0":2,"1":2,"2":2,"3":2,"4":2,"5":2,"6":2,"7":2,"8":2,"9":2,"10":2,"11":2,"12":2,"13":2,"14":2,"15":0,"16":2,"17":2,"18":2,"19":2,"20":2,"21":2,"22":2,"23":2,"24":2,"25":0,"26":2,"27":0,"28":2,"29":2,"30":2,"31":2,"32":2},"f":{"0":2,"1":0,"2":0,"3":0},"b":{"0":[2,0]},"_coverageSchema":"1a1c01bbd47fc00a2c39e90264f33305004495a9","hash":"bf4f0a1272b9e0eaca3b977613c3ac763d6b99a6"}
,"/app/backend/controllers/items.js": {"path":"/app/backend/controllers/items.js","statementMap":{"0":{"start":{"line":1,"column":20},"end":{"line":1,"column":47}},"1":{"start":{"line":2,"column":13},"end":{"line":2,"column":38}},"2":{"start":{"line":3,"column":13},"end":{"line":3,"column":38}},"3":{"start":{"line":4,"column":15},"end":{"line":4,"column":42}},"4":{"start":{"line":5,"column":15},"end":{"line":5,"column":41}},"5":{"start":{"line":6,"column":16},"end":{"line":6,"column":33}},"6":{"start":{"line":7,"column":16},"end":{"line":7,"column":38}},"7":{"start":{"line":8,"column":15},"end":{"line":8,"column":43}},"8":{"start":{"line":11,"column":0},"end":{"line":17,"column":2}},"9":{"start":{"line":12,"column":18},"end":{"line":14,"column":62}},"10":{"start":{"line":16,"column":4},"end":{"line":16,"column":24}},"11":{"start":{"line":20,"column":0},"end":{"line":26,"column":2}},"12":{"start":{"line":21,"column":16},"end":{"line":23,"column":78}},"13":{"start":{"line":25,"column":2},"end":{"line":25,"column":22}},"14":{"start":{"line":29,"column":0},"end":{"line":77,"column":2}},"15":{"start":{"line":30,"column":2},"end":{"line":33,"column":3}},"16":{"start":{"line":31,"column":4},"end":{"line":31,"column":81}},"17":{"start":{"line":32,"column":4},"end":{"line":32,"column":75}},"18":{"start":{"line":36,"column":15},"end":{"line":36,"column":27}},"19":{"start":{"line":39,"column":2},"end":{"line":41,"column":3}},"20":{"start":{"line":40,"column":4},"end":{"line":40,"column":102}},"21":{"start":{"line":42,"column":15},"end":{"line":42,"column":27}},"22":{"start":{"line":44,"column":2},"end":{"line":44,"column":24}},"23":{"start":{"line":45,"column":2},"end":{"line":45,"column":22}},"24":{"start":{"line":48,"column":15},"end":{"line":64,"column":4}},"25":{"start":{"line":66,"column":20},"end":{"line":66,"column":37}},"26":{"start":{"line":68,"column":2},"end":{"line":68,"column":47}},"27":{"start":{"line":70,"column":2},"end":{"line":70,"column":19}},"28":{"start":{"line":72,"column":23},"end":{"line":74,"column":37}},"29":{"start":{"line":76,"column":2},"end":{"line":76,"column":41}},"30":{"start":{"line":80,"column":0},"end":{"line":107,"column":2}},"31":{"start":{"line":81,"column":15},"end":{"line":81,"column":53}},"32":{"start":{"line":83,"column":2},"end":{"line":86,"column":3}},"33":{"start":{"line":84,"column":4},"end":{"line":84,"column":56}},"34":{"start":{"line":85,"column":4},"end":{"line":85,"column":65}},"35":{"start":{"line":89,"column":26},"end":{"line":95,"column":3}},"36":{"start":{"line":97,"column":23},"end":{"line":97,"column":52}},"37":{"start":{"line":99,"column":2},"end":{"line":99,"column":31}},"38":{"start":{"line":101,"column":2},"end":{"line":101,"column":19}},"39":{"start":{"line":103,"column":24},"end":{"line":103,"column":49}},"40":{"start":{"line":106,"column":2},"end":{"line":106,"column":42}},"41":{"start":{"line":110,"column":0},"end":{"line":122,"column":2}},"42":{"start":{"line":111,"column":16},"end":{"line":111,"column":56}},"43":{"start":{"line":114,"column":2},"end":{"line":118,"column":3}},"44":{"start":{"line":115,"column":4},"end":{"line":115,"column":56}},"45":{"start":{"line":117,"column":4},"end":{"line":117,"column":78}},"46":{"start":{"line":121,"column":2},"end":{"line":121,"column":34}},"47":{"start":{"line":125,"column":0},"end":{"line":135,"column":2}},"48":{"start":{"line":126,"column":15},"end":{"line":126,"column":53}},"49":{"start":{"line":128,"column":2},"end":{"line":131,"column":3}},"50":{"start":{"line":129,"column":4},"end":{"line":129,"column":56}},"51":{"start":{"line":130,"column":4},"end":{"line":130,"column":65}},"52":{"start":{"line":134,"column":2},"end":{"line":134,"column":33}},"53":{"start":{"line":138,"column":0},"end":{"line":179,"column":2}},"54":{"start":{"line":140,"column":2},"end":{"line":143,"column":3}},"55":{"start":{"line":141,"column":4},"end":{"line":141,"column":90}},"56":{"start":{"line":142,"column":4},"end":{"line":142,"column":75}},"57":{"start":{"line":146,"column":15},"end":{"line":146,"column":38}},"58":{"start":{"line":148,"column":15},"end":{"line":148,"column":27}},"59":{"start":{"line":150,"column":2},"end":{"line":152,"column":3}},"60":{"start":{"line":151,"column":4},"end":{"line":151,"column":90}},"61":{"start":{"line":154,"column":15},"end":{"line":154,"column":53}},"62":{"start":{"line":158,"column":2},"end":{"line":160,"column":3}},"63":{"start":{"line":159,"column":4},"end":{"line":159,"column":78}},"64":{"start":{"line":163,"column":2},"end":{"line":163,"column":23}},"65":{"start":{"line":165,"column":2},"end":{"line":165,"column":31}},"66":{"start":{"line":169,"column":22},"end":{"line":174,"column":61}},"67":{"start":{"line":177,"column":2},"end":{"line":177,"column":60}},"68":{"start":{"line":178,"column":2},"end":{"line":178,"column":40}},"69":{"start":{"line":182,"column":0},"end":{"line":198,"column":2}},"70":{"start":{"line":184,"column":15},"end":{"line":184,"column":53}},"71":{"start":{"line":187,"column":2},"end":{"line":187,"column":35}},"72":{"start":{"line":190,"column":22},"end":{"line":195,"column":5}},"73":{"start":{"line":197,"column":2},"end":{"line":197,"column":40}},"74":{"start":{"line":200,"column":0},"end":{"line":200,"column":28}}},"fnMap":{"0":{"name":"(anonymous_0)","decl":{"start":{"line":11,"column":21},"end":{"line":11,"column":22}},"loc":{"start":{"line":11,"column":50},"end":{"line":17,"column":1}},"line":11},"1":{"name":"(anonymous_1)","decl":{"start":{"line":20,"column":27},"end":{"line":20,"column":28}},"loc":{"start":{"line":20,"column":56},"end":{"line":26,"column":1}},"line":20},"2":{"name":"(anonymous_2)","decl":{"start":{"line":29,"column":22},"end":{"line":29,"column":23}},"loc":{"start":{"line":29,"column":51},"end":{"line":77,"column":1}},"line":29},"3":{"name":"(anonymous_3)","decl":{"start":{"line":80,"column":53},"end":{"line":80,"column":54}},"loc":{"start":{"line":80,"column":82},"end":{"line":107,"column":1}},"line":80},"4":{"name":"(anonymous_4)","decl":{"start":{"line":110,"column":30},"end":{"line":110,"column":31}},"loc":{"start":{"line":110,"column":59},"end":{"line":122,"column":1}},"line":110},"5":{"name":"(anonymous_5)","decl":{"start":{"line":125,"column":24},"end":{"line":125,"column":25}},"loc":{"start":{"line":125,"column":53},"end":{"line":135,"column":1}},"line":125},"6":{"name":"(anonymous_6)","decl":{"start":{"line":138,"column":24},"end":{"line":138,"column":25}},"loc":{"start":{"line":138,"column":53},"end":{"line":179,"column":1}},"line":138},"7":{"name":"(anonymous_7)","decl":{"start":{"line":182,"column":31},"end":{"line":182,"column":32}},"loc":{"start":{"line":182,"column":60},"end":{"line":198,"column":1}},"line":182}},"branchMap":{"0":{"loc":{"start":{"line":30,"column":2},"end":{"line":33,"column":3}},"type":"if","locations":[{"start":{"line":30,"column":2},"end":{"line":33,"column":3}},{"start":{},"end":{}}],"line":30},"1":{"loc":{"start":{"line":39,"column":2},"end":{"line":41,"column":3}},"type":"if","locations":[{"start":{"line":39,"column":2},"end":{"line":41,"column":3}},{"start":{},"end":{}}],"line":39},"2":{"loc":{"start":{"line":83,"column":2},"end":{"line":86,"column":3}},"type":"if","locations":[{"start":{"line":83,"column":2},"end":{"line":86,"column":3}},{"start":{},"end":{}}],"line":83},"3":{"loc":{"start":{"line":114,"column":2},"end":{"line":118,"column":3}},"type":"if","locations":[{"start":{"line":114,"column":2},"end":{"line":118,"column":3}},{"start":{},"end":{}}],"line":114},"4":{"loc":{"start":{"line":128,"column":2},"end":{"line":131,"column":3}},"type":"if","locations":[{"start":{"line":128,"column":2},"end":{"line":131,"column":3}},{"start":{},"end":{}}],"line":128},"5":{"loc":{"start":{"line":140,"column":2},"end":{"line":143,"column":3}},"type":"if","locations":[{"start":{"line":140,"column":2},"end":{"line":143,"column":3}},{"start":{},"end":{}}],"line":140},"6":{"loc":{"start":{"line":150,"column":2},"end":{"line":152,"column":3}},"type":"if","locations":[{"start":{"line":150,"column":2},"end":{"line":152,"column":3}},{"start":{},"end":{}}],"line":150},"7":{"loc":{"start":{"line":158,"column":2},"end":{"line":160,"column":3}},"type":"if","locations":[{"start":{"line":158,"column":2},"end":{"line":160,"column":3}},{"start":{},"end":{}}],"line":158},"8":{"loc":{"start":{"line":158,"column":5},"end":{"line":158,"column":57}},"type":"binary-expr","locations":[{"start":{"line":158,"column":6},"end":{"line":158,"column":27}},{"start":{"line":158,"column":33},"end":{"line":158,"column":56}}],"line":158}},"s":{"0":2,"1":2,"2":2,"3":2,"4":2,"5":2,"6":2,"7":2,"8":2,"9":10,"10":10,"11":2,"12":1,"13":1,"14":2,"15":3,"16":1,"17":1,"18":2,"19":2,"20":0,"21":2,"22":2,"23":2,"24":2,"25":2,"26":2,"27":2,"28":2,"29":2,"30":2,"31":0,"32":0,"33":0,"34":0,"35":0,"36":0,"37":0,"38":0,"39":0,"40":0,"41":2,"42":0,"43":0,"44":0,"45":0,"46":0,"47":2,"48":5,"49":5,"50":1,"51":1,"52":4,"53":2,"54":2,"55":0,"56":0,"57":2,"58":2,"59":2,"60":0,"61":2,"62":2,"63":1,"64":1,"65":1,"66":1,"67":1,"68":1,"69":2,"70":1,"71":1,"72":1,"73":1,"74":2},"f":{"0":10,"1":1,"2":3,"3":0,"4":0,"5":5,"6":2,"7":1},"b":{"0":[1,2],"1":[0,2],"2":[0,0],"3":[0,0],"4":[1,4],"5":[0,2],"6":[0,2],"7":[1,1],"8":[2,1]},"_coverageSchema":"1a1c01bbd47fc00a2c39e90264f33305004495a9","hash":"2eef29ec42a461d54caca2d93008d6f0da10884f"}
,"/app/backend/controllers/login.js": {"path":"/app/backend/controllers/login.js","statementMap":{"0":{"start":{"line":1,"column":12},"end":{"line":1,"column":35}},"1":{"start":{"line":2,"column":15},"end":{"line":2,"column":32}},"2":{"start":{"line":3,"column":20},"end":{"line":3,"column":47}},"3":{"start":{"line":4,"column":13},"end":{"line":4,"column":38}},"4":{"start":{"line":5,"column":15},"end":{"line":5,"column":41}},"5":{"start":{"line":8,"column":0},"end":{"line":66,"column":3}},"6":{"start":{"line":9,"column":40},"end":{"line":9,"column":52}},"7":{"start":{"line":12,"column":15},"end":{"line":12,"column":44}},"8":{"start":{"line":13,"column":2},"end":{"line":13,"column":86}},"9":{"start":{"line":13,"column":13},"end":{"line":13,"column":86}},"10":{"start":{"line":15,"column":2},"end":{"line":15,"column":129}},"11":{"start":{"line":15,"column":19},"end":{"line":15,"column":129}},"12":{"start":{"line":18,"column":26},"end":{"line":18,"column":99}},"13":{"start":{"line":20,"column":2},"end":{"line":30,"column":3}},"14":{"start":{"line":21,"column":4},"end":{"line":21,"column":55}},"15":{"start":{"line":23,"column":4},"end":{"line":28,"column":5}},"16":{"start":{"line":24,"column":6},"end":{"line":24,"column":25}},"17":{"start":{"line":25,"column":6},"end":{"line":25,"column":24}},"18":{"start":{"line":26,"column":6},"end":{"line":26,"column":96}},"19":{"start":{"line":27,"column":6},"end":{"line":27,"column":116}},"20":{"start":{"line":29,"column":4},"end":{"line":29,"column":22}},"21":{"start":{"line":33,"column":2},"end":{"line":38,"column":3}},"22":{"start":{"line":34,"column":4},"end":{"line":34,"column":77}},"23":{"start":{"line":35,"column":4},"end":{"line":37,"column":7}},"24":{"start":{"line":42,"column":2},"end":{"line":47,"column":3}},"25":{"start":{"line":43,"column":4},"end":{"line":43,"column":79}},"26":{"start":{"line":44,"column":4},"end":{"line":46,"column":7}},"27":{"start":{"line":50,"column":23},"end":{"line":54,"column":3}},"28":{"start":{"line":57,"column":16},"end":{"line":57,"column":58}},"29":{"start":{"line":59,"column":2},"end":{"line":59,"column":45}},"30":{"start":{"line":60,"column":2},"end":{"line":60,"column":25}},"31":{"start":{"line":61,"column":2},"end":{"line":61,"column":20}},"32":{"start":{"line":65,"column":2},"end":{"line":65,"column":146}},"33":{"start":{"line":68,"column":0},"end":{"line":68,"column":29}}},"fnMap":{"0":{"name":"(anonymous_0)","decl":{"start":{"line":8,"column":22},"end":{"line":8,"column":23}},"loc":{"start":{"line":8,"column":51},"end":{"line":66,"column":1}},"line":8}},"branchMap":{"0":{"loc":{"start":{"line":13,"column":2},"end":{"line":13,"column":86}},"type":"if","locations":[{"start":{"line":13,"column":2},"end":{"line":13,"column":86}},{"start":{},"end":{}}],"line":13},"1":{"loc":{"start":{"line":15,"column":2},"end":{"line":15,"column":129}},"type":"if","locations":[{"start":{"line":15,"column":2},"end":{"line":15,"column":129}},{"start":{},"end":{}}],"line":15},"2":{"loc":{"start":{"line":18,"column":26},"end":{"line":18,"column":99}},"type":"cond-expr","locations":[{"start":{"line":18,"column":42},"end":{"line":18,"column":47}},{"start":{"line":18,"column":50},"end":{"line":18,"column":99}}],"line":18},"3":{"loc":{"start":{"line":20,"column":2},"end":{"line":30,"column":3}},"type":"if","locations":[{"start":{"line":20,"column":2},"end":{"line":30,"column":3}},{"start":{},"end":{}}],"line":20},"4":{"loc":{"start":{"line":21,"column":26},"end":{"line":21,"column":49}},"type":"binary-expr","locations":[{"start":{"line":21,"column":26},"end":{"line":21,"column":44}},{"start":{"line":21,"column":48},"end":{"line":21,"column":49}}],"line":21},"5":{"loc":{"start":{"line":23,"column":4},"end":{"line":28,"column":5}},"type":"if","locations":[{"start":{"line":23,"column":4},"end":{"line":28,"column":5}},{"start":{},"end":{}}],"line":23},"6":{"loc":{"start":{"line":33,"column":2},"end":{"line":38,"column":3}},"type":"if","locations":[{"start":{"line":33,"column":2},"end":{"line":38,"column":3}},{"start":{},"end":{}}],"line":33},"7":{"loc":{"start":{"line":33,"column":8},"end":{"line":33,"column":31}},"type":"binary-expr","locations":[{"start":{"line":33,"column":8},"end":{"line":33,"column":12}},{"start":{"line":33,"column":16},"end":{"line":33,"column":31}}],"line":33},"8":{"loc":{"start":{"line":42,"column":2},"end":{"line":47,"column":3}},"type":"if","locations":[{"start":{"line":42,"column":2},"end":{"line":47,"column":3}},{"start":{},"end":{}}],"line":42}},"s":{"0":2,"1":2,"2":2,"3":2,"4":2,"5":2,"6":9,"7":9,"8":9,"9":0,"10":9,"11":0,"12":9,"13":9,"14":0,"15":0,"16":0,"17":0,"18":0,"19":0,"20":0,"21":9,"22":0,"23":0,"24":9,"25":0,"26":0,"27":9,"28":9,"29":9,"30":9,"31":9,"32":9,"33":2},"f":{"0":9},"b":{"0":[0,9],"1":[0,9],"2":[0,9],"3":[0,9],"4":[0,0],"5":[0,0],"6":[0,9],"7":[9,9],"8":[0,9]},"_coverageSchema":"1a1c01bbd47fc00a2c39e90264f33305004495a9","hash":"a60b319c4e0a450d57b8e730b581493ba5e68cc4"}
,"/app/backend/controllers/testing.js": {"path":"/app/backend/controllers/testing.js","statementMap":{"0":{"start":{"line":1,"column":15},"end":{"line":1,"column":42}},"1":{"start":{"line":2,"column":13},"end":{"line":2,"column":38}},"2":{"start":{"line":3,"column":13},"end":{"line":3,"column":38}},"3":{"start":{"line":5,"column":0},"end":{"line":10,"column":2}},"4":{"start":{"line":6,"column":2},"end":{"line":6,"column":27}},"5":{"start":{"line":7,"column":2},"end":{"line":7,"column":27}},"6":{"start":{"line":9,"column":2},"end":{"line":9,"column":28}},"7":{"start":{"line":12,"column":0},"end":{"line":12,"column":23}}},"fnMap":{"0":{"name":"(anonymous_0)","decl":{"start":{"line":5,"column":22},"end":{"line":5,"column":23}},"loc":{"start":{"line":5,"column":51},"end":{"line":10,"column":1}},"line":5}},"branchMap":{},"s":{"0":2,"1":2,"2":2,"3":2,"4":0,"5":0,"6":0,"7":2},"f":{"0":0},"b":{},"_coverageSchema":"1a1c01bbd47fc00a2c39e90264f33305004495a9","hash":"9f99fa01f47595a2f75a8c9acc065ad8195e8e57"}
,"/app/backend/controllers/users.js": {"path":"/app/backend/controllers/users.js","statementMap":{"0":{"start":{"line":1,"column":15},"end":{"line":1,"column":32}},"1":{"start":{"line":2,"column":20},"end":{"line":2,"column":47}},"2":{"start":{"line":3,"column":13},"end":{"line":3,"column":38}},"3":{"start":{"line":4,"column":13},"end":{"line":4,"column":38}},"4":{"start":{"line":5,"column":15},"end":{"line":5,"column":41}},"5":{"start":{"line":8,"column":0},"end":{"line":25,"column":2}},"6":{"start":{"line":9,"column":2},"end":{"line":12,"column":3}},"7":{"start":{"line":10,"column":4},"end":{"line":10,"column":74}},"8":{"start":{"line":11,"column":4},"end":{"line":11,"column":75}},"9":{"start":{"line":13,"column":15},"end":{"line":13,"column":27}},"10":{"start":{"line":20,"column":16},"end":{"line":22,"column":31}},"11":{"start":{"line":24,"column":2},"end":{"line":24,"column":22}},"12":{"start":{"line":28,"column":0},"end":{"line":73,"column":2}},"13":{"start":{"line":29,"column":60},"end":{"line":29,"column":72}},"14":{"start":{"line":32,"column":24},"end":{"line":32,"column":53}},"15":{"start":{"line":34,"column":2},"end":{"line":39,"column":3}},"16":{"start":{"line":35,"column":4},"end":{"line":35,"column":88}},"17":{"start":{"line":36,"column":4},"end":{"line":38,"column":6}},"18":{"start":{"line":41,"column":2},"end":{"line":45,"column":3}},"19":{"start":{"line":42,"column":4},"end":{"line":44,"column":6}},"20":{"start":{"line":47,"column":2},"end":{"line":51,"column":3}},"21":{"start":{"line":48,"column":4},"end":{"line":50,"column":6}},"22":{"start":{"line":53,"column":21},"end":{"line":53,"column":23}},"23":{"start":{"line":55,"column":23},"end":{"line":55,"column":62}},"24":{"start":{"line":58,"column":15},"end":{"line":64,"column":4}},"25":{"start":{"line":67,"column":20},"end":{"line":67,"column":37}},"26":{"start":{"line":70,"column":2},"end":{"line":70,"column":107}},"27":{"start":{"line":72,"column":2},"end":{"line":72,"column":38}},"28":{"start":{"line":76,"column":0},"end":{"line":99,"column":2}},"29":{"start":{"line":78,"column":2},"end":{"line":81,"column":3}},"30":{"start":{"line":79,"column":4},"end":{"line":79,"column":81}},"31":{"start":{"line":80,"column":4},"end":{"line":80,"column":75}},"32":{"start":{"line":82,"column":15},"end":{"line":82,"column":27}},"33":{"start":{"line":84,"column":25},"end":{"line":84,"column":63}},"34":{"start":{"line":88,"column":2},"end":{"line":91,"column":3}},"35":{"start":{"line":89,"column":4},"end":{"line":89,"column":47}},"36":{"start":{"line":90,"column":4},"end":{"line":90,"column":78}},"37":{"start":{"line":93,"column":2},"end":{"line":95,"column":3}},"38":{"start":{"line":94,"column":4},"end":{"line":94,"column":118}},"39":{"start":{"line":98,"column":2},"end":{"line":98,"column":43}},"40":{"start":{"line":102,"column":0},"end":{"line":133,"column":2}},"41":{"start":{"line":103,"column":2},"end":{"line":106,"column":3}},"42":{"start":{"line":104,"column":4},"end":{"line":104,"column":79}},"43":{"start":{"line":105,"column":4},"end":{"line":105,"column":75}},"44":{"start":{"line":108,"column":15},"end":{"line":108,"column":27}},"45":{"start":{"line":111,"column":23},"end":{"line":111,"column":61}},"46":{"start":{"line":114,"column":2},"end":{"line":117,"column":3}},"47":{"start":{"line":116,"column":4},"end":{"line":116,"column":77}},"48":{"start":{"line":120,"column":2},"end":{"line":126,"column":3}},"49":{"start":{"line":122,"column":4},"end":{"line":125,"column":7}},"50":{"start":{"line":124,"column":6},"end":{"line":124,"column":43}},"51":{"start":{"line":129,"column":2},"end":{"line":129,"column":49}},"52":{"start":{"line":131,"column":2},"end":{"line":131,"column":75}},"53":{"start":{"line":132,"column":2},"end":{"line":132,"column":28}},"54":{"start":{"line":135,"column":0},"end":{"line":135,"column":28}}},"fnMap":{"0":{"name":"(anonymous_0)","decl":{"start":{"line":8,"column":21},"end":{"line":8,"column":22}},"loc":{"start":{"line":8,"column":50},"end":{"line":25,"column":1}},"line":8},"1":{"name":"(anonymous_1)","decl":{"start":{"line":28,"column":22},"end":{"line":28,"column":23}},"loc":{"start":{"line":28,"column":51},"end":{"line":73,"column":1}},"line":28},"2":{"name":"(anonymous_2)","decl":{"start":{"line":76,"column":24},"end":{"line":76,"column":25}},"loc":{"start":{"line":76,"column":53},"end":{"line":99,"column":1}},"line":76},"3":{"name":"(anonymous_3)","decl":{"start":{"line":102,"column":27},"end":{"line":102,"column":28}},"loc":{"start":{"line":102,"column":56},"end":{"line":133,"column":1}},"line":102},"4":{"name":"(anonymous_4)","decl":{"start":{"line":122,"column":31},"end":{"line":122,"column":32}},"loc":{"start":{"line":122,"column":48},"end":{"line":125,"column":5}},"line":122}},"branchMap":{"0":{"loc":{"start":{"line":9,"column":2},"end":{"line":12,"column":3}},"type":"if","locations":[{"start":{"line":9,"column":2},"end":{"line":12,"column":3}},{"start":{},"end":{}}],"line":9},"1":{"loc":{"start":{"line":34,"column":2},"end":{"line":39,"column":3}},"type":"if","locations":[{"start":{"line":34,"column":2},"end":{"line":39,"column":3}},{"start":{},"end":{}}],"line":34},"2":{"loc":{"start":{"line":41,"column":2},"end":{"line":45,"column":3}},"type":"if","locations":[{"start":{"line":41,"column":2},"end":{"line":45,"column":3}},{"start":{},"end":{}}],"line":41},"3":{"loc":{"start":{"line":47,"column":2},"end":{"line":51,"column":3}},"type":"if","locations":[{"start":{"line":47,"column":2},"end":{"line":51,"column":3}},{"start":{},"end":{}}],"line":47},"4":{"loc":{"start":{"line":78,"column":2},"end":{"line":81,"column":3}},"type":"if","locations":[{"start":{"line":78,"column":2},"end":{"line":81,"column":3}},{"start":{},"end":{}}],"line":78},"5":{"loc":{"start":{"line":88,"column":2},"end":{"line":91,"column":3}},"type":"if","locations":[{"start":{"line":88,"column":2},"end":{"line":91,"column":3}},{"start":{},"end":{}}],"line":88},"6":{"loc":{"start":{"line":93,"column":2},"end":{"line":95,"column":3}},"type":"if","locations":[{"start":{"line":93,"column":2},"end":{"line":95,"column":3}},{"start":{},"end":{}}],"line":93},"7":{"loc":{"start":{"line":93,"column":5},"end":{"line":93,"column":70}},"type":"binary-expr","locations":[{"start":{"line":93,"column":6},"end":{"line":93,"column":34}},{"start":{"line":93,"column":40},"end":{"line":93,"column":69}}],"line":93},"8":{"loc":{"start":{"line":103,"column":2},"end":{"line":106,"column":3}},"type":"if","locations":[{"start":{"line":103,"column":2},"end":{"line":106,"column":3}},{"start":{},"end":{}}],"line":103},"9":{"loc":{"start":{"line":114,"column":2},"end":{"line":117,"column":3}},"type":"if","locations":[{"start":{"line":114,"column":2},"end":{"line":117,"column":3}},{"start":{},"end":{}}],"line":114},"10":{"loc":{"start":{"line":120,"column":2},"end":{"line":126,"column":3}},"type":"if","locations":[{"start":{"line":120,"column":2},"end":{"line":126,"column":3}},{"start":{},"end":{}}],"line":120}},"s":{"0":2,"1":2,"2":2,"3":2,"4":2,"5":2,"6":1,"7":1,"8":1,"9":0,"10":0,"11":0,"12":2,"13":0,"14":0,"15":0,"16":0,"17":0,"18":0,"19":0,"20":0,"21":0,"22":0,"23":0,"24":0,"25":0,"26":0,"27":0,"28":2,"29":0,"30":0,"31":0,"32":0,"33":0,"34":0,"35":0,"36":0,"37":0,"38":0,"39":0,"40":2,"41":0,"42":0,"43":0,"44":0,"45":0,"46":0,"47":0,"48":0,"49":0,"50":0,"51":0,"52":0,"53":0,"54":2},"f":{"0":1,"1":0,"2":0,"3":0,"4":0},"b":{"0":[1,0],"1":[0,0],"2":[0,0],"3":[0,0],"4":[0,0],"5":[0,0],"6":[0,0],"7":[0,0],"8":[0,0],"9":[0,0],"10":[0,0]},"_coverageSchema":"1a1c01bbd47fc00a2c39e90264f33305004495a9","hash":"bc5be31db26c983902d6d66a7ffb562958c25cd0"}
,"/app/backend/models/item.js": {"path":"/app/backend/models/item.js","statementMap":{"0":{"start":{"line":1,"column":17},"end":{"line":1,"column":36}},"1":{"start":{"line":4,"column":19},"end":{"line":32,"column":2}},"2":{"start":{"line":35,"column":0},"end":{"line":43,"column":2}},"3":{"start":{"line":37,"column":4},"end":{"line":37,"column":53}},"4":{"start":{"line":38,"column":4},"end":{"line":38,"column":29}},"5":{"start":{"line":39,"column":4},"end":{"line":39,"column":29}},"6":{"start":{"line":41,"column":4},"end":{"line":41,"column":38}},"7":{"start":{"line":46,"column":13},"end":{"line":46,"column":47}},"8":{"start":{"line":48,"column":0},"end":{"line":48,"column":21}}},"fnMap":{"0":{"name":"(anonymous_0)","decl":{"start":{"line":36,"column":13},"end":{"line":36,"column":14}},"loc":{"start":{"line":36,"column":43},"end":{"line":42,"column":3}},"line":36}},"branchMap":{},"s":{"0":2,"1":2,"2":2,"3":50,"4":50,"5":50,"6":50,"7":2,"8":2},"f":{"0":50},"b":{},"_coverageSchema":"1a1c01bbd47fc00a2c39e90264f33305004495a9","hash":"09daa14ee9cf64c59292dfc443689ca3b3d43c2f"}
,"/app/backend/models/upload.js": {"path":"/app/backend/models/upload.js","statementMap":{"0":{"start":{"line":1,"column":17},"end":{"line":1,"column":36}},"1":{"start":{"line":4,"column":21},"end":{"line":13,"column":2}},"2":{"start":{"line":16,"column":0},"end":{"line":24,"column":2}},"3":{"start":{"line":18,"column":4},"end":{"line":18,"column":53}},"4":{"start":{"line":19,"column":4},"end":{"line":19,"column":29}},"5":{"start":{"line":20,"column":4},"end":{"line":20,"column":29}},"6":{"start":{"line":22,"column":4},"end":{"line":22,"column":38}},"7":{"start":{"line":27,"column":15},"end":{"line":27,"column":53}},"8":{"start":{"line":29,"column":0},"end":{"line":29,"column":23}}},"fnMap":{"0":{"name":"(anonymous_0)","decl":{"start":{"line":17,"column":13},"end":{"line":17,"column":14}},"loc":{"start":{"line":17,"column":43},"end":{"line":23,"column":3}},"line":17}},"branchMap":{},"s":{"0":2,"1":2,"2":2,"3":0,"4":0,"5":0,"6":0,"7":2,"8":2},"f":{"0":0},"b":{},"_coverageSchema":"1a1c01bbd47fc00a2c39e90264f33305004495a9","hash":"4ed84a6df6a94f49c6b4f989cec1e19a724a587f"}
,"/app/backend/models/user.js": {"path":"/app/backend/models/user.js","statementMap":{"0":{"start":{"line":1,"column":17},"end":{"line":1,"column":36}},"1":{"start":{"line":4,"column":19},"end":{"line":18,"column":2}},"2":{"start":{"line":21,"column":0},"end":{"line":29,"column":3}},"3":{"start":{"line":23,"column":4},"end":{"line":23,"column":54}},"4":{"start":{"line":24,"column":4},"end":{"line":24,"column":30}},"5":{"start":{"line":25,"column":4},"end":{"line":25,"column":30}},"6":{"start":{"line":27,"column":4},"end":{"line":27,"column":39}},"7":{"start":{"line":32,"column":13},"end":{"line":32,"column":47}},"8":{"start":{"line":34,"column":0},"end":{"line":34,"column":22}}},"fnMap":{"0":{"name":"(anonymous_0)","decl":{"start":{"line":22,"column":13},"end":{"line":22,"column":14}},"loc":{"start":{"line":22,"column":43},"end":{"line":28,"column":3}},"line":22}},"branchMap":{},"s":{"0":2,"1":2,"2":2,"3":6,"4":6,"5":6,"6":6,"7":2,"8":2},"f":{"0":6},"b":{},"_coverageSchema":"1a1c01bbd47fc00a2c39e90264f33305004495a9","hash":"d0e8bec4815dacc807b979d19e90a923c4cc4525"}
,"/app/backend/tests/test_helper.js": {"path":"/app/backend/tests/test_helper.js","statementMap":{"0":{"start":{"line":1,"column":13},"end":{"line":1,"column":38}},"1":{"start":{"line":3,"column":21},"end":{"line":55,"column":5}},"2":{"start":{"line":59,"column":0},"end":{"line":66,"column":5}},"3":{"start":{"line":68,"column":18},"end":{"line":71,"column":1}},"4":{"start":{"line":69,"column":16},"end":{"line":69,"column":35}},"5":{"start":{"line":70,"column":2},"end":{"line":70,"column":35}},"6":{"start":{"line":70,"column":24},"end":{"line":70,"column":34}},"7":{"start":{"line":74,"column":0},"end":{"line":74,"column":56}}},"fnMap":{"0":{"name":"(anonymous_0)","decl":{"start":{"line":68,"column":18},"end":{"line":68,"column":19}},"loc":{"start":{"line":68,"column":30},"end":{"line":71,"column":1}},"line":68},"1":{"name":"(anonymous_1)","decl":{"start":{"line":70,"column":19},"end":{"line":70,"column":20}},"loc":{"start":{"line":70,"column":24},"end":{"line":70,"column":34}},"line":70}},"branchMap":{},"s":{"0":2,"1":2,"2":2,"3":2,"4":0,"5":0,"6":0,"7":2},"f":{"0":0,"1":0},"b":{},"_coverageSchema":"1a1c01bbd47fc00a2c39e90264f33305004495a9","hash":"72c994b64761504e0824800ab6a0cfd593289ce2"}
,"/app/backend/utils/config.js": {"path":"/app/backend/utils/config.js","statementMap":{"0":{"start":{"line":1,"column":0},"end":{"line":1,"column":26}},"1":{"start":{"line":3,"column":22},"end":{"line":3,"column":47}},"2":{"start":{"line":4,"column":20},"end":{"line":6,"column":27}},"3":{"start":{"line":9,"column":0},"end":{"line":12,"column":1}}},"fnMap":{},"branchMap":{"0":{"loc":{"start":{"line":4,"column":20},"end":{"line":6,"column":27}},"type":"cond-expr","locations":[{"start":{"line":5,"column":4},"end":{"line":5,"column":32}},{"start":{"line":6,"column":4},"end":{"line":6,"column":27}}],"line":4}},"s":{"0":2,"1":2,"2":2,"3":2},"f":{},"b":{"0":[2,0]},"_coverageSchema":"1a1c01bbd47fc00a2c39e90264f33305004495a9","hash":"a98fd22d42fefdad383c5e9557b6499c698261db"}
,"/app/backend/utils/logger.js": {"path":"/app/backend/utils/logger.js","statementMap":{"0":{"start":{"line":1,"column":16},"end":{"line":1,"column":34}},"1":{"start":{"line":2,"column":0},"end":{"line":2,"column":27}},"2":{"start":{"line":3,"column":15},"end":{"line":3,"column":63}},"3":{"start":{"line":4,"column":0},"end":{"line":4,"column":26}},"4":{"start":{"line":6,"column":16},"end":{"line":11,"column":1}},"5":{"start":{"line":15,"column":15},"end":{"line":25,"column":2}},"6":{"start":{"line":29,"column":0},"end":{"line":33,"column":1}},"7":{"start":{"line":30,"column":2},"end":{"line":30,"column":34}},"8":{"start":{"line":31,"column":2},"end":{"line":31,"column":96}},"9":{"start":{"line":32,"column":2},"end":{"line":32,"column":95}},"10":{"start":{"line":37,"column":0},"end":{"line":41,"column":1}},"11":{"start":{"line":38,"column":2},"end":{"line":40,"column":6}},"12":{"start":{"line":43,"column":0},"end":{"line":43,"column":23}}},"fnMap":{},"branchMap":{"0":{"loc":{"start":{"line":29,"column":0},"end":{"line":33,"column":1}},"type":"if","locations":[{"start":{"line":29,"column":0},"end":{"line":33,"column":1}},{"start":{},"end":{}}],"line":29},"1":{"loc":{"start":{"line":37,"column":0},"end":{"line":41,"column":1}},"type":"if","locations":[{"start":{"line":37,"column":0},"end":{"line":41,"column":1}},{"start":{},"end":{}}],"line":37}},"s":{"0":2,"1":2,"2":2,"3":2,"4":2,"5":2,"6":2,"7":0,"8":0,"9":0,"10":2,"11":2,"12":2},"f":{},"b":{"0":[0,2],"1":[2,0]},"_coverageSchema":"1a1c01bbd47fc00a2c39e90264f33305004495a9","hash":"b873c169cd07c67f14daeb9696f008064c38085f"}
,"/app/backend/utils/middleware.js": {"path":"/app/backend/utils/middleware.js","statementMap":{"0":{"start":{"line":1,"column":15},"end":{"line":1,"column":34}},"1":{"start":{"line":2,"column":12},"end":{"line":2,"column":35}},"2":{"start":{"line":3,"column":13},"end":{"line":3,"column":38}},"3":{"start":{"line":6,"column":22},"end":{"line":12,"column":1}},"4":{"start":{"line":7,"column":2},"end":{"line":7,"column":40}},"5":{"start":{"line":8,"column":2},"end":{"line":8,"column":38}},"6":{"start":{"line":9,"column":2},"end":{"line":9,"column":38}},"7":{"start":{"line":10,"column":2},"end":{"line":10,"column":20}},"8":{"start":{"line":11,"column":2},"end":{"line":11,"column":8}},"9":{"start":{"line":14,"column":24},"end":{"line":16,"column":1}},"10":{"start":{"line":15,"column":2},"end":{"line":15,"column":58}},"11":{"start":{"line":18,"column":21},"end":{"line":40,"column":1}},"12":{"start":{"line":19,"column":2},"end":{"line":35,"column":3}},"13":{"start":{"line":20,"column":4},"end":{"line":22,"column":6}},"14":{"start":{"line":23,"column":9},"end":{"line":35,"column":3}},"15":{"start":{"line":24,"column":4},"end":{"line":26,"column":6}},"16":{"start":{"line":27,"column":9},"end":{"line":35,"column":3}},"17":{"start":{"line":28,"column":4},"end":{"line":30,"column":6}},"18":{"start":{"line":31,"column":9},"end":{"line":35,"column":3}},"19":{"start":{"line":32,"column":4},"end":{"line":34,"column":6}},"20":{"start":{"line":37,"column":2},"end":{"line":37,"column":29}},"21":{"start":{"line":39,"column":2},"end":{"line":39,"column":13}},"22":{"start":{"line":42,"column":22},"end":{"line":53,"column":1}},"23":{"start":{"line":43,"column":24},"end":{"line":43,"column":52}},"24":{"start":{"line":45,"column":2},"end":{"line":50,"column":3}},"25":{"start":{"line":46,"column":25},"end":{"line":46,"column":83}},"26":{"start":{"line":47,"column":4},"end":{"line":49,"column":5}},"27":{"start":{"line":48,"column":6},"end":{"line":48,"column":57}},"28":{"start":{"line":52,"column":2},"end":{"line":52,"column":8}},"29":{"start":{"line":55,"column":0},"end":{"line":60,"column":1}}},"fnMap":{"0":{"name":"(anonymous_0)","decl":{"start":{"line":6,"column":22},"end":{"line":6,"column":23}},"loc":{"start":{"line":6,"column":51},"end":{"line":12,"column":1}},"line":6},"1":{"name":"(anonymous_1)","decl":{"start":{"line":14,"column":24},"end":{"line":14,"column":25}},"loc":{"start":{"line":14,"column":47},"end":{"line":16,"column":1}},"line":14},"2":{"name":"(anonymous_2)","decl":{"start":{"line":18,"column":21},"end":{"line":18,"column":22}},"loc":{"start":{"line":18,"column":57},"end":{"line":40,"column":1}},"line":18},"3":{"name":"(anonymous_3)","decl":{"start":{"line":42,"column":22},"end":{"line":42,"column":23}},"loc":{"start":{"line":42,"column":57},"end":{"line":53,"column":1}},"line":42}},"branchMap":{"0":{"loc":{"start":{"line":19,"column":2},"end":{"line":35,"column":3}},"type":"if","locations":[{"start":{"line":19,"column":2},"end":{"line":35,"column":3}},{"start":{"line":23,"column":9},"end":{"line":35,"column":3}}],"line":19},"1":{"loc":{"start":{"line":23,"column":9},"end":{"line":35,"column":3}},"type":"if","locations":[{"start":{"line":23,"column":9},"end":{"line":35,"column":3}},{"start":{"line":27,"column":9},"end":{"line":35,"column":3}}],"line":23},"2":{"loc":{"start":{"line":27,"column":9},"end":{"line":35,"column":3}},"type":"if","locations":[{"start":{"line":27,"column":9},"end":{"line":35,"column":3}},{"start":{"line":31,"column":9},"end":{"line":35,"column":3}}],"line":27},"3":{"loc":{"start":{"line":31,"column":9},"end":{"line":35,"column":3}},"type":"if","locations":[{"start":{"line":31,"column":9},"end":{"line":35,"column":3}},{"start":{},"end":{}}],"line":31},"4":{"loc":{"start":{"line":45,"column":2},"end":{"line":50,"column":3}},"type":"if","locations":[{"start":{"line":45,"column":2},"end":{"line":50,"column":3}},{"start":{},"end":{}}],"line":45},"5":{"loc":{"start":{"line":45,"column":6},"end":{"line":45,"column":72}},"type":"binary-expr","locations":[{"start":{"line":45,"column":6},"end":{"line":45,"column":19}},{"start":{"line":45,"column":23},"end":{"line":45,"column":72}}],"line":45},"6":{"loc":{"start":{"line":47,"column":4},"end":{"line":49,"column":5}},"type":"if","locations":[{"start":{"line":47,"column":4},"end":{"line":49,"column":5}},{"start":{},"end":{}}],"line":47}},"s":{"0":2,"1":2,"2":2,"3":2,"4":0,"5":0,"6":0,"7":0,"8":0,"9":2,"10":0,"11":2,"12":0,"13":0,"14":0,"15":0,"16":0,"17":0,"18":0,"19":0,"20":0,"21":0,"22":2,"23":23,"24":23,"25":5,"26":5,"27":5,"28":23,"29":2},"f":{"0":0,"1":0,"2":0,"3":23},"b":{"0":[0,0],"1":[0,0],"2":[0,0],"3":[0,0],"4":[5,18],"5":[23,5],"6":[5,0]},"_coverageSchema":"1a1c01bbd47fc00a2c39e90264f33305004495a9","hash":"8281f8bd034e6932f4e3e5f7f3dc5b070cf0bbe8"}
}
