TN:
SF:app.js
FN:18,(anonymous_0)
FN:21,(anonymous_1)
FN:56,(anonymous_2)
FN:60,(anonymous_3)
FNF:4
FNH:1
FNDA:2,(anonymous_0)
FNDA:0,(anonymous_1)
FNDA:0,(anonymous_2)
FNDA:0,(anonymous_3)
DA:1,2
DA:2,2
DA:3,2
DA:4,2
DA:5,2
DA:6,2
DA:7,2
DA:8,2
DA:9,2
DA:10,2
DA:11,2
DA:12,2
DA:13,2
DA:17,2
DA:19,2
DA:22,0
DA:27,2
DA:29,2
DA:31,2
DA:48,2
DA:50,2
DA:52,2
DA:53,2
DA:54,2
DA:56,2
DA:57,0
DA:60,2
DA:61,0
DA:65,2
DA:67,2
DA:68,2
DA:69,2
DA:72,2
LF:33
LH:30
BRDA:67,0,0,2
BRDA:67,0,1,0
BRF:2
BRH:1
end_of_record
TN:
SF:controllers/items.js
FN:11,(anonymous_0)
FN:20,(anonymous_1)
FN:29,(anonymous_2)
FN:80,(anonymous_3)
FN:110,(anonymous_4)
FN:125,(anonymous_5)
FN:138,(anonymous_6)
FN:182,(anonymous_7)
FNF:8
FNH:6
FNDA:10,(anonymous_0)
FNDA:1,(anonymous_1)
FNDA:3,(anonymous_2)
FNDA:0,(anonymous_3)
FNDA:0,(anonymous_4)
FNDA:5,(anonymous_5)
FNDA:2,(anonymous_6)
FNDA:1,(anonymous_7)
DA:1,2
DA:2,2
DA:3,2
DA:4,2
DA:5,2
DA:6,2
DA:7,2
DA:8,2
DA:11,2
DA:12,10
DA:16,10
DA:20,2
DA:21,1
DA:25,1
DA:29,2
DA:30,3
DA:31,1
DA:32,1
DA:36,2
DA:39,2
DA:40,0
DA:42,2
DA:44,2
DA:45,2
DA:48,2
DA:66,2
DA:68,2
DA:70,2
DA:72,2
DA:76,2
DA:80,2
DA:81,0
DA:83,0
DA:84,0
DA:85,0
DA:89,0
DA:97,0
DA:99,0
DA:101,0
DA:103,0
DA:106,0
DA:110,2
DA:111,0
DA:114,0
DA:115,0
DA:117,0
DA:121,0
DA:125,2
DA:126,5
DA:128,5
DA:129,1
DA:130,1
DA:134,4
DA:138,2
DA:140,2
DA:141,0
DA:142,0
DA:146,2
DA:148,2
DA:150,2
DA:151,0
DA:154,2
DA:158,2
DA:159,1
DA:163,1
DA:165,1
DA:169,1
DA:177,1
DA:178,1
DA:182,2
DA:184,1
DA:187,1
DA:190,1
DA:197,1
DA:200,2
LF:75
LH:56
BRDA:30,0,0,1
BRDA:30,0,1,2
BRDA:39,1,0,0
BRDA:39,1,1,2
BRDA:83,2,0,0
BRDA:83,2,1,0
BRDA:114,3,0,0
BRDA:114,3,1,0
BRDA:128,4,0,1
BRDA:128,4,1,4
BRDA:140,5,0,0
BRDA:140,5,1,2
BRDA:150,6,0,0
BRDA:150,6,1,2
BRDA:158,7,0,1
BRDA:158,7,1,1
BRDA:158,8,0,2
BRDA:158,8,1,1
BRF:18
BRH:11
end_of_record
TN:
SF:controllers/login.js
FN:8,(anonymous_0)
FNF:1
FNH:1
FNDA:9,(anonymous_0)
DA:1,2
DA:2,2
DA:3,2
DA:4,2
DA:5,2
DA:8,2
DA:9,9
DA:12,9
DA:13,9
DA:15,9
DA:18,9
DA:20,9
DA:21,0
DA:23,0
DA:24,0
DA:25,0
DA:26,0
DA:27,0
DA:29,0
DA:33,9
DA:34,0
DA:35,0
DA:42,9
DA:43,0
DA:44,0
DA:50,9
DA:57,9
DA:59,9
DA:60,9
DA:61,9
DA:65,9
DA:68,2
LF:32
LH:21
BRDA:13,0,0,0
BRDA:13,0,1,9
BRDA:15,1,0,0
BRDA:15,1,1,9
BRDA:18,2,0,0
BRDA:18,2,1,9
BRDA:20,3,0,0
BRDA:20,3,1,9
BRDA:21,4,0,0
BRDA:21,4,1,0
BRDA:23,5,0,0
BRDA:23,5,1,0
BRDA:33,6,0,0
BRDA:33,6,1,9
BRDA:33,7,0,9
BRDA:33,7,1,9
BRDA:42,8,0,0
BRDA:42,8,1,9
BRF:18
BRH:8
end_of_record
TN:
SF:controllers/testing.js
FN:5,(anonymous_0)
FNF:1
FNH:0
FNDA:0,(anonymous_0)
DA:1,2
DA:2,2
DA:3,2
DA:5,2
DA:6,0
DA:7,0
DA:9,0
DA:12,2
LF:8
LH:5
BRF:0
BRH:0
end_of_record
TN:
SF:controllers/users.js
FN:8,(anonymous_0)
FN:28,(anonymous_1)
FN:76,(anonymous_2)
FN:102,(anonymous_3)
FN:122,(anonymous_4)
FNF:5
FNH:1
FNDA:1,(anonymous_0)
FNDA:0,(anonymous_1)
FNDA:0,(anonymous_2)
FNDA:0,(anonymous_3)
FNDA:0,(anonymous_4)
DA:1,2
DA:2,2
DA:3,2
DA:4,2
DA:5,2
DA:8,2
DA:9,1
DA:10,1
DA:11,1
DA:13,0
DA:20,0
DA:24,0
DA:28,2
DA:29,0
DA:32,0
DA:34,0
DA:35,0
DA:36,0
DA:41,0
DA:42,0
DA:47,0
DA:48,0
DA:53,0
DA:55,0
DA:58,0
DA:67,0
DA:70,0
DA:72,0
DA:76,2
DA:78,0
DA:79,0
DA:80,0
DA:82,0
DA:84,0
DA:88,0
DA:89,0
DA:90,0
DA:93,0
DA:94,0
DA:98,0
DA:102,2
DA:103,0
DA:104,0
DA:105,0
DA:108,0
DA:111,0
DA:114,0
DA:116,0
DA:120,0
DA:122,0
DA:124,0
DA:129,0
DA:131,0
DA:132,0
DA:135,2
LF:55
LH:13
BRDA:9,0,0,1
BRDA:9,0,1,0
BRDA:34,1,0,0
BRDA:34,1,1,0
BRDA:41,2,0,0
BRDA:41,2,1,0
BRDA:47,3,0,0
BRDA:47,3,1,0
BRDA:78,4,0,0
BRDA:78,4,1,0
BRDA:88,5,0,0
BRDA:88,5,1,0
BRDA:93,6,0,0
BRDA:93,6,1,0
BRDA:93,7,0,0
BRDA:93,7,1,0
BRDA:103,8,0,0
BRDA:103,8,1,0
BRDA:114,9,0,0
BRDA:114,9,1,0
BRDA:120,10,0,0
BRDA:120,10,1,0
BRF:22
BRH:1
end_of_record
TN:
SF:models/item.js
FN:36,(anonymous_0)
FNF:1
FNH:1
FNDA:50,(anonymous_0)
DA:1,2
DA:4,2
DA:35,2
DA:37,50
DA:38,50
DA:39,50
DA:41,50
DA:46,2
DA:48,2
LF:9
LH:9
BRF:0
BRH:0
end_of_record
TN:
SF:models/upload.js
FN:17,(anonymous_0)
FNF:1
FNH:0
FNDA:0,(anonymous_0)
DA:1,2
DA:4,2
DA:16,2
DA:18,0
DA:19,0
DA:20,0
DA:22,0
DA:27,2
DA:29,2
LF:9
LH:5
BRF:0
BRH:0
end_of_record
TN:
SF:models/user.js
FN:22,(anonymous_0)
FNF:1
FNH:1
FNDA:6,(anonymous_0)
DA:1,2
DA:4,2
DA:21,2
DA:23,6
DA:24,6
DA:25,6
DA:27,6
DA:32,2
DA:34,2
LF:9
LH:9
BRF:0
BRH:0
end_of_record
TN:
SF:tests/test_helper.js
FN:68,(anonymous_0)
FN:70,(anonymous_1)
FNF:2
FNH:0
FNDA:0,(anonymous_0)
FNDA:0,(anonymous_1)
DA:1,2
DA:3,2
DA:59,2
DA:68,2
DA:69,0
DA:70,0
DA:74,2
LF:7
LH:5
BRF:0
BRH:0
end_of_record
TN:
SF:utils/config.js
FNF:0
FNH:0
DA:1,2
DA:3,2
DA:4,2
DA:9,2
LF:4
LH:4
BRDA:4,0,0,2
BRDA:4,0,1,0
BRF:2
BRH:1
end_of_record
TN:
SF:utils/logger.js
FNF:0
FNH:0
DA:1,2
DA:2,2
DA:3,2
DA:4,2
DA:6,2
DA:15,2
DA:29,2
DA:30,0
DA:31,0
DA:32,0
DA:37,2
DA:38,2
DA:43,2
LF:13
LH:10
BRDA:29,0,0,0
BRDA:29,0,1,2
BRDA:37,1,0,2
BRDA:37,1,1,0
BRF:4
BRH:2
end_of_record
TN:
SF:utils/middleware.js
FN:6,(anonymous_0)
FN:14,(anonymous_1)
FN:18,(anonymous_2)
FN:42,(anonymous_3)
FNF:4
FNH:1
FNDA:0,(anonymous_0)
FNDA:0,(anonymous_1)
FNDA:0,(anonymous_2)
FNDA:23,(anonymous_3)
DA:1,2
DA:2,2
DA:3,2
DA:6,2
DA:7,0
DA:8,0
DA:9,0
DA:10,0
DA:11,0
DA:14,2
DA:15,0
DA:18,2
DA:19,0
DA:20,0
DA:23,0
DA:24,0
DA:27,0
DA:28,0
DA:31,0
DA:32,0
DA:37,0
DA:39,0
DA:42,2
DA:43,23
DA:45,23
DA:46,5
DA:47,5
DA:48,5
DA:52,23
DA:55,2
LF:30
LH:14
BRDA:19,0,0,0
BRDA:19,0,1,0
BRDA:23,1,0,0
BRDA:23,1,1,0
BRDA:27,2,0,0
BRDA:27,2,1,0
BRDA:31,3,0,0
BRDA:31,3,1,0
BRDA:45,4,0,5
BRDA:45,4,1,18
BRDA:45,5,0,23
BRDA:45,5,1,5
BRDA:47,6,0,5
BRDA:47,6,1,0
BRF:14
BRH:5
end_of_record
